<?xml version="1.0" encoding="UTF-8"?>
<testng-results ignored="0" total="2" passed="2" failed="0" skipped="0">
  <reporter-output>
  </reporter-output>
  <suite started-at="2022-05-16T22:17:38 EDT" name="All Test Suite" finished-at="2022-05-16T22:17:54 EDT" duration-ms="16427">
    <groups>
    </groups>
    <test started-at="2022-05-16T22:17:38 EDT" name="/Applications/TestNGFrameWork/src/test/java/Test/AddEmployeeTest.java" finished-at="2022-05-16T22:17:54 EDT" duration-ms="16427">
      <class name="Test.AddEmployeeTest">
        <test-method is-config="true" signature="openBrowserAndLauchApplication()[pri:0, instance:Test.AddEmployeeTest@667a738]" started-at="2022-05-16T22:17:38 EDT" name="openBrowserAndLauchApplication" finished-at="2022-05-16T22:17:42 EDT" duration-ms="3932" status="PASS">
          <reporter-output>
          </reporter-output>
        </test-method> <!-- openBrowserAndLauchApplication -->
        <test-method signature="addEmployee()[pri:0, instance:Test.AddEmployeeTest@667a738]" started-at="2022-05-16T22:17:42 EDT" name="addEmployee" finished-at="2022-05-16T22:17:51 EDT" duration-ms="8741" status="PASS">
          <reporter-output>
          </reporter-output>
        </test-method> <!-- addEmployee -->
        <test-method is-config="true" signature="tearDown()[pri:0, instance:Test.AddEmployeeTest@667a738]" started-at="2022-05-16T22:17:51 EDT" name="tearDown" finished-at="2022-05-16T22:17:51 EDT" duration-ms="170" status="PASS">
          <reporter-output>
          </reporter-output>
        </test-method> <!-- tearDown -->
        <test-method is-config="true" signature="openBrowserAndLauchApplication()[pri:0, instance:Test.AddEmployeeTest@667a738]" started-at="2022-05-16T22:17:51 EDT" name="openBrowserAndLauchApplication" finished-at="2022-05-16T22:17:54 EDT" duration-ms="2452" status="PASS">
          <reporter-output>
          </reporter-output>
        </test-method> <!-- openBrowserAndLauchApplication -->
        <test-method signature="addMultipleEmployee()[pri:0, instance:Test.AddEmployeeTest@667a738]" started-at="2022-05-16T22:17:54 EDT" name="addMultipleEmployee" finished-at="2022-05-16T22:17:54 EDT" duration-ms="0" status="PASS">
          <reporter-output>
          </reporter-output>
        </test-method> <!-- addMultipleEmployee -->
        <test-method is-config="true" signature="tearDown()[pri:0, instance:Test.AddEmployeeTest@667a738]" started-at="2022-05-16T22:17:54 EDT" name="tearDown" finished-at="2022-05-16T22:17:54 EDT" duration-ms="150" status="PASS">
          <reporter-output>
          </reporter-output>
        </test-method> <!-- tearDown -->
      </class> <!-- Test.AddEmployeeTest -->
    </test> <!-- /Applications/TestNGFrameWork/src/test/java/Test/AddEmployeeTest.java -->
  </suite> <!-- All Test Suite -->
</testng-results>
