<?xml version="1.0" encoding="UTF-8"?>
<!-- Generated by org.testng.reporters.JUnitXMLReporter -->
<testsuite ignored="0" hostname="Macintosh-4.home" failures="0" tests="2" name="/Applications/TestNGFrameWork/src/test/java/Test/AddEmployeeTest.java" time="16.427" errors="0" timestamp="2022-05-16T22:17:54 EDT">
  <testcase classname="Test.AddEmployeeTest" name="addEmployee" time="8.741"/>
  <testcase classname="Test.AddEmployeeTest" name="addMultipleEmployee" time="0.0"/>
</testsuite> <!-- /Applications/TestNGFrameWork/src/test/java/Test/AddEmployeeTest.java -->
